        0.433927        -1.62804        0.759003
        0.894449        -0.11052        -1.87836
        0.867733        -1.18128        -1.03492
          3.0253       -0.835573         1.13369
       -0.199845        -1.98585        0.154353
        -4.46428        0.582893           1.602
        -1.69449        0.346401         1.65897
        0.439453        -2.47523        0.887662
       -0.686997        -3.36863        -1.11246
        0.429477          2.1995       -0.211811
         2.43366         1.00898         2.30866
        -2.06068       -0.113488       -0.236434
       -0.695135       -0.836812        0.366127
         2.70861        0.405057        -1.92505
       -0.291657        0.407254       -0.121766
         3.44445        -2.41036         1.83019
       -0.476155        0.731478         -1.2723
        -1.22013        -1.99604         -1.7753
         -1.0387        0.917321       -0.766235
        -2.29353        -2.77357         2.38332
         1.02185         1.26409         1.72995
         2.28697       -0.396985        0.046472
       -0.340511      -0.0880672       -0.489811
       -0.957977        -1.94305      -0.0645277
       -0.410293        0.753805        -1.63461
        0.197511        0.318589       -0.310654
        -3.53025       0.0322766        0.688256
         -1.4345         1.10145        -3.89339
         2.52989        -1.03928       -0.434334
        -2.26276        -2.62306       -0.650777
        -2.59013         2.77172        -2.06786
         1.01253       -0.250027       -0.195462
         3.02062        0.998739        0.771583
        -2.01224         2.29217        -1.60373
         1.61768       -0.111528        0.857135
        0.702743         3.00308          3.8628
         0.83283        0.648463         1.21384
        -1.26962        -1.92809        0.768201
         -0.9725        -2.14259         -1.2467
         1.23739         1.59873        -1.07248
         1.12062        0.798178        0.806723
       -0.105969        0.523872         0.10228
          1.3151        0.966078      -0.0417969
       -0.608131     -0.00100913       -0.702775
          1.9607        -3.95209        -1.18087
         -0.1942         1.68853         2.50695
        -2.69681        0.203929        0.489046
       -0.447144       -0.215042         1.71625
        -3.65837        -1.50508        -3.51743
        0.074438         1.62365       -0.175376
        0.728965        0.620255        -1.82818
         2.52143         2.37727      0.00692566
         2.62306        0.599726         -1.0116
          1.2799        0.580309        0.952417
        -2.03107         1.00228        -1.47788
         2.55735        0.260299         1.35023
        0.540898         2.05785          1.0079
       -0.703703         0.89545         -1.3934
        -1.49244       -0.391456         2.29908
       -0.792779       -0.490875       -0.845348
        -3.33411        -2.88745       -0.590419
       -0.854365       -0.677897         -0.9498
        0.649102        -2.54512       -0.357242
      0.00868541       -0.558937         2.18627
        -1.19779       -0.531877        0.358489
       -0.291911        0.653683         2.71683
         2.08978       -0.303539        -3.18467
         1.43332        0.334147        -1.42751
         1.91661         3.92976       -0.350311
         1.78523       -0.134719         -1.0184
       -0.906631        -1.46526         3.01601
        -2.08942        -1.43051        0.383248
        0.623895        -1.03415         2.95196
        -1.99407        -1.26466       -0.761904
         1.28201       -0.527577        -1.11552
        0.308124         1.58369       -0.454759
         2.33244        -2.25081        -2.01562
        -3.37974         2.14839        0.270064
        0.326318         2.88553        0.808604
       -0.863522        0.308349       -0.118014
        -1.20736        0.604435        0.178557
        0.662428         1.27884        0.339775
         2.29453        0.919782        -0.30364
        0.320226       -0.366084        0.297851
        -1.44019       -0.411117      -0.0143375
        -1.26396         1.24355        -1.07352
        0.778082         1.25973          1.4422
        -2.82921       -0.311671       -0.709679
       -0.730464         2.24357        -1.79846
        -1.80952         0.97573       -0.965704
        -1.08719     -0.00150742         2.11593
       -0.554458        -1.48357        0.567729
          2.3791          -0.582        0.745475
        0.370674        0.166191       0.0282887
        -2.25507       -0.707965       -0.513863
         2.78426        -2.40022         1.49031
         2.00713         1.21669       -0.508904
        -1.43483         1.43244      -0.0803284
         2.38589        -1.41429         1.93794
      -0.0410482        -2.21264         2.26674
        0.718935       -0.085024        0.440967
        0.394558        0.163268        -2.65066
        -1.24465        0.885033        -1.68478
        0.867784       -0.747283         0.58054
        0.660827        0.111906         0.23705
        -1.44646        -0.39648         1.02895
         2.53564         1.56128       -0.854556
        0.113851         2.04032       -0.973582
