28.1906	32.1029
26.9068	30.4167
26.1691	28.2013
25.2929	27.0283
24.4486	26.163
23.0711	25.2162
21.8387	24.2274
21.2493	23.1528
19.1637	22.4127
19.1229	20.7409
18.8558	19.4069
18.8558	19.2442
18.0631	19.1674
18.0631	19.0094
17.7797	18.8356
17.7797	18.7075
15.9259	18.3903
15.9259	18.094
15.3426	16.9281
15.3426	16.1343
15.3426	15.9199
15.2208	15.8557
15.1047	15.8711
15.0357	15.7918
15.0357	15.7519
15.0357	15.6954
15.0081	15.6977
14.892	15.6134
14.9803	15.4767
14.7962	15.3609
14.7962	15.2877
14.5586	15.1923
14.6106	15.1533
14.6579	15.134
14.3985	15.0718
14.3985	15.0358
14.3906	14.9275
14.2629	14.8731
14.1596	14.7884
14.0143	14.7372
14.0143	14.6612
13.6717	14.5395
13.6717	14.4829
13.6717	14.3028
13.6566	14.2286
13.3315	14.1008
13.6566	14.0265
13.6717	13.9428
13.5286	13.8469
13.5311	13.8215
13.4936	13.8052
13.3291	13.7797
13.3291	13.7618
13.1817	13.7282
13.1817	13.7049
13.0725	13.6763
13.0725	13.6444
13.1817	13.6418
13.051	13.6143
13.051	13.5696
13.0109	13.5362
13.0036	13.5291
12.7962	13.5043
13.0036	13.4522
12.3791	13.3867
12.3665	13.3019
12.3665	13.2773
12.3665	13.1723
12.3665	13.0429
12.2987	12.9328
12.2987	12.7805
12.2299	12.6104
12.1378	12.5498
12.1252	12.4975
12.1252	12.3925
11.8873	12.3551
11.7912	12.3408
11.6691	12.2994
11.5986	12.2665
11.5764	12.1783
11.3725	12.0903
11.3725	12.0103
11.2595	11.8469
11.2595	11.7288
11.1597	11.6556
11.1251	11.578
11.0075	11.488
10.9715	11.4329
10.9589	11.3981
10.8963	11.3666
10.8838	11.3319
10.8708	11.3108
10.8708	11.2634
10.8708	11.1789
10.4616	11.1531
10.449	11.0757
10.4616	11.0379
10.4616	10.9978
10.4616	10.9641
10.449	10.8886
10.439	10.8201
10.439	10.8079
10.439	10.7619
10.439	10.7241
10.368	10.6635
10.368	10.6164
10.3555	10.5963
10.3555	10.5571
10.3396	10.4674
10.3555	10.4417
10.3555	10.4358
10.3555	10.426
10.3555	10.4237
10.3555	10.4172
10.3271	10.4224
10.3271	10.4171
10.3555	10.4141
10.3555	10.4101
10.3158	10.4014
10.3271	10.4097
10.3271	10.4039
10.3396	10.3984
10.3555	10.3967
10.3271	10.3987
10.3555	10.3976
10.3396	10.3897
10.3271	10.3867
10.3271	10.3944
10.3049	10.3882
10.3049	10.3822
10.3049	10.3829
10.3049	10.3879
10.3271	10.3927
10.3396	10.3852
10.3459	10.3893
10.3334	10.3888
10.3334	10.3863
10.3334	10.3769
10.3334	10.3742
10.3459	10.3793
10.3459	10.3742
10.3334	10.3734
10.3459	10.3722
10.3334	10.379
10.3334	10.3715
10.3334	10.374
10.3555	10.3706
10.3271	10.3707
10.3555	10.369
10.3555	10.3694
10.1586	10.3707
10.065	10.3623
10.065	10.3571
10.065	10.3624
10.0834	10.3618
10.0834	10.3523
10.1586	10.3521
10.0834	10.3475
10.0834	10.3484
10.0776	10.3448
10.065	10.3366
10.065	10.317
10.065	10.2846
10.0429	10.261
10.065	10.2702
10.065	10.2523
10.065	10.2195
10.065	10.1957
9.8959	10.1788
10.065	10.1618
10.065	10.1362
10.065	10.1205
10.065	10.1119
10.0366	10.087
10.0366	10.0857
10.0492	10.0865
10.0492	10.087
10.0366	10.0869
10.0366	10.0852
10.0366	10.0857
10.0366	10.0849
10.0366	10.0837
10.0366	10.0863
10.065	10.0903
10.0492	10.0842
10.0366	10.0823
10.0366	10.0868
10.0366	10.0822
10.0366	10.0821
10.0366	10.0829
10.0366	10.0809
10.0366	10.0802
10.0366	10.0798
10.0366	10.0792
10.0366	10.082
10.0366	10.0809
10.0366	10.0788
10.0366	10.0763
10.0366	10.0745
10.0366	10.0733
9.90788	10.0691
9.90788	10.0689
9.90788	10.0721
9.90788	10.0639
9.90788	10.0596
9.90788	10.059
9.90788	10.0588
9.90788	10.056
9.90788	10.0548
9.90788	10.0583
9.90788	10.0634
9.90788	10.0663
9.90788	10.0665
9.90788	10.069
9.90788	10.0746
9.90788	10.0725
9.90788	10.0572
9.90788	10.0528
9.90788	10.0485
9.90788	10.0467
9.90788	10.0488
9.90788	10.0496
9.90788	10.0477
9.90788	10.0542
9.90788	10.0597
9.90788	10.0545
9.90788	10.0396
9.90788	10.0327
9.90788	10.0323
9.90788	10.0412
9.90788	10.0263
9.90788	10.0505
9.90788	10.0267
9.90788	10.0327
9.90788	10.0413
9.90788	10.0209
9.90788	10.0164
9.90788	10.0122
9.90788	10.0224
9.90788	10.0146
9.90788	9.96394
9.90788	9.97622
9.88336	9.9493
9.88336	9.93601
9.82989	9.92276
9.82989	9.93649
9.82989	9.9329
9.82989	9.94664
9.88336	9.92674
9.88336	9.91712
9.88336	9.92125
9.88336	9.91698
9.88336	9.91517
9.88336	9.91797
9.90788	9.91818
9.90788	9.92018
9.90788	9.91902
9.89279	9.91945
9.90577	9.92172
9.89279	9.91981
9.90788	9.92299
9.81664	9.91967
9.81664	9.91845
9.8041	9.91552
9.8041	9.9164
9.82945	9.91604
9.82945	9.91444
9.82945	9.91432
9.82945	9.91699
9.82945	9.91541
9.82945	9.91485
9.81691	9.91457
9.81691	9.91432
9.81691	9.91839
9.81691	9.91708
9.81691	9.91341
9.81691	9.9125
9.81691	9.9153
9.81691	9.91148
9.81691	9.912
9.81691	9.90822
9.81691	9.90684
9.80493	9.91027
9.81691	9.90496
9.79239	9.89539
9.79239	9.89079
9.79239	9.90735
9.76672	9.89947
9.76672	9.90326
9.75418	9.90389
9.76672	9.89976
9.76672	9.89741
9.76672	9.89943
9.79239	9.89111
9.76396	9.87501
9.76396	9.8735
9.76396	9.86666
9.76396	9.85918
9.76396	9.86197
9.76396	9.86558
9.79239	9.85555
9.79239	9.86459
9.79239	9.8667
9.79239	9.8685
9.79239	9.88453
9.7422	9.8777
9.79239	9.87488
9.79239	9.86844
9.79239	9.87214
9.79239	9.86963
9.76396	9.8789
9.76396	9.87029
9.79239	9.85854
9.79239	9.84343
9.79239	9.85444
9.79239	9.85891
9.79239	9.8437
9.79239	9.84377
9.79239	9.84184
9.72966	9.85036
9.79239	9.84576
9.79239	9.84513
9.79239	9.82926
9.79239	9.83785
9.79239	9.83777
9.79239	9.84081
9.79239	9.82967
9.79239	9.831
9.79239	9.83632
9.79239	9.82671
9.79239	9.83654
9.79239	9.82688
9.79239	9.82113
9.79239	9.81511
9.79239	9.81335
9.79239	9.81219
9.79239	9.81079
9.79239	9.81139
9.7797	9.80744
9.74264	9.80953
9.7797	9.81025
9.7797	9.81421
9.74264	9.81361
9.74264	9.81261
9.74264	9.8126
9.75518	9.81047
9.75418	9.80921
9.75418	9.80671
9.7422	9.81377
9.7422	9.80882
9.72966	9.81202
9.72966	9.81305
9.72966	9.80868
9.72966	9.81024
9.74264	9.80614
9.74264	9.80543
9.7422	9.80289
9.72966	9.79934
9.7422	9.7974
9.72966	9.79087
9.72966	9.78858
9.72966	9.79336
9.72966	9.78812
9.72966	9.78069
9.72966	9.78318
9.72966	9.78489
9.71376	9.78863
9.71376	9.77401
9.71376	9.7772
9.72966	9.76711
9.72966	9.76178
9.72966	9.75626
9.72966	9.76188
9.72966	9.76096
9.71376	9.76453
9.71376	9.76243
9.72966	9.7594
9.72966	9.75811
9.72966	9.76134
9.71376	9.76417
9.72966	9.76305
9.70123	9.7602
9.72966	9.76096
9.71376	9.75674
9.71376	9.76439
9.72966	9.75536
9.71376	9.75063
9.70123	9.75168
9.70123	9.75503
9.72966	9.75394
9.72966	9.75215
9.72966	9.75529
9.72966	9.75504
9.72966	9.75925
9.72966	9.7535
9.72966	9.75616
9.72966	9.75303
9.72966	9.75355
9.72966	9.75257
9.72966	9.75258
9.72966	9.75193
9.72966	9.75757
9.72966	9.75572
9.72966	9.75551
9.72966	9.75144
9.72966	9.7521
9.72966	9.75036
9.72966	9.75259
9.72966	9.75357
9.72966	9.75231
9.72966	9.75221
9.71376	9.75244
9.71376	9.7517
9.71376	9.75192
9.71376	9.74938
9.70123	9.75067
9.71376	9.75096
9.71376	9.75261
9.72966	9.75142
9.72966	9.74847
9.70123	9.75016
9.70123	9.74831
9.70123	9.7473
9.72966	9.74613
9.72966	9.74556
9.72966	9.74273
9.72966	9.74245
9.72966	9.74237
9.72966	9.74229
9.72966	9.74238
9.72966	9.74059
9.72966	9.73997
9.72966	9.74306
9.72966	9.74359
9.72966	9.74168
9.72966	9.74268
9.71376	9.74278
9.71376	9.74554
9.70123	9.74323
9.72966	9.7446
9.72966	9.74453
9.72966	9.74979
9.72966	9.74555
9.72966	9.74557
9.70123	9.75014
9.70123	9.751
9.70123	9.75138
9.70123	9.74627
9.70123	9.74537
9.71376	9.74432
9.70123	9.74541
9.70123	9.74883
9.70123	9.74488
9.70123	9.74424
9.70123	9.74334
9.70123	9.74425
9.71376	9.74899
9.71376	9.75138
9.72675	9.74975
9.72675	9.75127
9.72966	9.75194
9.72966	9.75264
9.72966	9.75418
9.72966	9.75039
9.72966	9.74745
9.72966	9.74624
9.72966	9.74733
9.72966	9.74735
9.72966	9.74631
9.72966	9.74892
9.72966	9.75705
9.72966	9.74948
9.72966	9.74682
9.72966	9.75255
9.72966	9.76004
9.72966	9.7503
9.72966	9.75492
9.72966	9.75849
9.72966	9.75517
9.72966	9.75123
9.72966	9.75677
9.72966	9.75228
9.72966	9.75853
9.72966	9.76095
9.72966	9.76421
9.72966	9.77056
9.72966	9.76683
9.72966	9.75702
9.72966	9.76357
9.72966	9.76215
9.72966	9.75861
9.70123	9.75537
9.70123	9.75165
9.70123	9.74903
9.72966	9.7535
9.72966	9.74757
9.72966	9.74783
9.72966	9.74539
9.72966	9.74529
9.72966	9.74489
9.72966	9.74269
9.72966	9.74469
9.72966	9.74445
9.72966	9.74604
9.72966	9.74559
9.72966	9.74747
9.72966	9.74511
9.72966	9.74624
9.72966	9.74618
9.72966	9.74798
9.72966	9.7527
9.72966	9.75234
9.72966	9.7528
9.72966	9.7473
9.72966	9.74891
9.72966	9.74773
9.72966	9.75149
9.72966	9.75107
9.72966	9.75378
9.72966	9.76023
9.72966	9.75484
9.72966	9.75418
9.72966	9.75576
9.72966	9.75868
9.72966	9.7567
9.72966	9.75485
9.72966	9.7616
9.72966	9.76059
9.72966	9.75802
9.72966	9.75438
9.72966	9.75561
9.72966	9.75339
9.72966	9.75485
9.72966	9.75359
9.72966	9.75071
9.72966	9.75233
9.72966	9.75403
9.72966	9.75214
9.72966	9.75592
9.72966	9.75592
9.72966	9.75593
9.72966	9.75275
9.72966	9.7534
9.72966	9.75039
9.72966	9.74698
9.72966	9.74523
9.72966	9.74571
9.72966	9.747
9.72966	9.74547
9.72966	9.74794
9.72966	9.74856
9.72966	9.7495
9.72966	9.75091
9.72966	9.75022
9.72966	9.7522
9.72966	9.74935
9.72966	9.74597
9.72966	9.74687
9.70123	9.74588
9.70123	9.74546
9.72966	9.7452
9.72966	9.74191
9.72966	9.74393
9.72966	9.7476
9.72966	9.76541
9.72966	9.74859
9.72966	9.74757
9.72966	9.74381
9.72966	9.74741
9.72966	9.74931
9.72966	9.7483
9.72966	9.74953
9.72966	9.75034
9.72966	9.75364
9.72966	9.75183
9.72966	9.75137
9.72966	9.75175
9.72966	9.75213
9.72966	9.74784
9.72966	9.7466
9.72966	9.74897
9.72966	9.74799
9.72966	9.74465
9.72966	9.74401
9.72966	9.74566
9.72966	9.74804
9.72966	9.74725
9.72966	9.7472
9.72966	9.7473
9.72966	9.7488
9.72966	9.7508
9.72966	9.74965
9.72675	9.75224
9.71376	9.74892
9.71376	9.74806
9.71421	9.74835
9.71421	9.75272
9.72966	9.75097
9.72966	9.75049
9.72966	9.74987
9.72966	9.74784
9.72966	9.75047
9.72966	9.75085
9.72966	9.75369
9.72966	9.74936
9.72966	9.74726
9.72966	9.74924
9.72966	9.75245
9.72966	9.75239
9.72966	9.75203
9.72966	9.75412
9.72966	9.75345
9.72966	9.75265
9.72966	9.75034
9.72966	9.75528
9.72966	9.75498
9.72966	9.75356
9.71421	9.75095
9.72966	9.75341
9.72966	9.7547
9.72966	9.75106
9.72966	9.75094
9.72966	9.75149
9.72966	9.75196
9.72966	9.75616
9.72966	9.75739
9.72966	9.75392
9.72966	9.7632
9.72966	9.75714
9.72966	9.75539
9.72966	9.75379
9.72966	9.75788
9.71376	9.75573
9.72966	9.7528
9.72966	9.7507
9.72966	9.75088
9.72966	9.75254
9.72966	9.75239
9.72966	9.7555
9.72966	9.75334
9.72966	9.75449
9.72966	9.75288
9.72966	9.75686
9.72966	9.75537
9.72966	9.75605
9.72966	9.75722
9.72966	9.75504
9.72966	9.75333
9.72966	9.753
9.72966	9.75499
9.72966	9.75494
9.72966	9.7493
9.72966	9.74781
9.72966	9.74624
9.72966	9.74677
9.72966	9.74755
9.72966	9.74697
9.72966	9.7451
9.72966	9.74421
9.72966	9.74422
9.72966	9.74789
9.72966	9.74719
9.72966	9.74428
9.72966	9.7508
9.72966	9.7488
9.72966	9.75339
9.72966	9.74993
9.72966	9.75439
9.72966	9.7596
9.72966	9.7604
9.72966	9.75674
9.72966	9.75355
9.72966	9.75597
9.72966	9.74924
9.72966	9.75177
9.72966	9.75185
9.72966	9.7494
9.72966	9.74962
9.72966	9.75115
9.72966	9.75519
9.72966	9.75332
9.72966	9.74917
9.72966	9.74599
9.72966	9.74662
9.72966	9.7517
9.71376	9.74739
9.72966	9.75299
9.72966	9.75213
9.72966	9.74602
9.72966	9.74664
9.72966	9.75503
9.72966	9.75141
9.70123	9.74958
9.70123	9.75157
9.72966	9.75606
9.72966	9.75563
9.72966	9.75529
9.72966	9.75585
9.72966	9.75659
9.72966	9.75707
9.72966	9.75899
9.72966	9.7653
9.72966	9.76797
9.72966	9.76529
9.72966	9.76932
9.72966	9.76729
9.72966	9.76056
9.72966	9.76215
9.72966	9.76042
9.72966	9.76179
9.72966	9.76444
9.72966	9.76078
9.72966	9.75995
9.72966	9.75946
9.72966	9.75332
9.72966	9.75434
9.72966	9.76471
9.72966	9.76082
9.72966	9.76074
9.72966	9.75787
9.72966	9.76422
9.72966	9.7622
9.72966	9.76101
9.72966	9.76649
9.72966	9.76292
9.72966	9.7656
9.72966	9.76269
9.72966	9.76489
9.72966	9.76808
9.72966	9.77199
9.72966	9.77247
9.72966	9.76913
9.72966	9.7677
9.72966	9.7662
9.72966	9.76803
9.72966	9.7672
9.72966	9.76529
9.72966	9.76245
9.72966	9.75796
9.72966	9.75734
9.72966	9.7555
9.72966	9.75544
9.72966	9.75663
9.72966	9.74964
9.72966	9.75103
9.72966	9.7502
9.72966	9.75553
9.72966	9.75686
9.71376	9.75834
9.72966	9.75867
9.72966	9.75774
9.72966	9.75907
9.72966	9.75963
9.72966	9.75457
9.72966	9.75787
9.72966	9.75604
9.72966	9.75708
9.72966	9.75804
9.72966	9.75984
9.72966	9.76112
9.72966	9.76292
9.72966	9.76472
9.72966	9.75947
9.72966	9.75784
9.72966	9.76234
9.72966	9.76074
9.72966	9.76339
9.72966	9.7598
9.72966	9.76063
9.72966	9.75593
9.72966	9.75759
9.71421	9.7569
9.72675	9.76153
9.72966	9.75819
9.71376	9.75292
9.71376	9.75355
9.71376	9.75752
9.70123	9.7574
9.70123	9.75623
9.70123	9.75191
9.70123	9.74524
9.70123	9.74439
9.70123	9.74196
9.70123	9.74316
9.70123	9.74429
9.70123	9.75006
9.70123	9.75006
9.70123	9.75087
9.70123	9.7519
9.53679	9.74747
9.70123	9.75312
9.72966	9.75272
9.72966	9.7488
9.72966	9.74976
9.72966	9.74998
9.72966	9.75228
9.72966	9.75534
9.71376	9.75203
9.70123	9.75125
9.70123	9.7482
9.70123	9.74745
9.70123	9.74918
9.70123	9.74647
9.70123	9.74721
9.70123	9.74759
9.70123	9.74743
9.70123	9.7435
9.70123	9.73832
9.70123	9.73818
9.70123	9.73754
9.70123	9.74182
9.70123	9.74234
9.70123	9.73636
9.70123	9.7387
9.70123	9.73966
9.70123	9.74095
9.70123	9.73775
9.70123	9.7441
9.70123	9.74276
9.70123	9.74593
9.70123	9.74426
9.70123	9.74009
9.70123	9.74597
9.70123	9.74208
9.70123	9.73965
9.70123	9.74222
9.70123	9.73114
9.70123	9.72838
9.70123	9.72671
9.70123	9.7287
9.70123	9.72872
9.70123	9.72381
9.70123	9.72531
9.70123	9.7254
9.70123	9.72433
9.70123	9.72757
9.68256	9.72741
9.68256	9.72488
9.68256	9.72611
9.68256	9.72529
9.67202	9.72691
9.65948	9.72737
9.65948	9.72205
9.65948	9.72702
9.65948	9.71796
9.65714	9.72125
9.63604	9.72077
9.63604	9.72568
9.63604	9.72084
9.65714	9.72428
9.65714	9.73196
9.64858	9.72865
9.65714	9.72213
9.65714	9.72274
9.65714	9.73327
9.65714	9.72346
9.65714	9.71961
9.63604	9.72608
9.63604	9.71271
9.64858	9.72311
9.63604	9.71948
9.63604	9.70734
9.63604	9.7054
9.63604	9.71321
9.63604	9.71714
9.63604	9.69836
9.63604	9.70365
9.63604	9.69724
9.63604	9.70798
9.63604	9.69757
9.63604	9.69229
9.63604	9.69316
9.63604	9.69671
9.63604	9.69074
9.63604	9.68742
9.63604	9.6907
9.63604	9.6904
9.63604	9.69248
9.63604	9.69018
9.63604	9.69572
9.63604	9.69382
9.63604	9.69481
9.63604	9.68729
9.63604	9.68765
9.63604	9.6861
9.63604	9.69502
9.63604	9.696
9.63604	9.70059
9.63604	9.70493
9.63604	9.70008
9.63604	9.70721
9.63604	9.70497
9.63604	9.6957
9.63604	9.68692
9.63604	9.67714
9.63604	9.68255
9.63604	9.67264
9.63604	9.66474
9.63604	9.66506
9.63604	9.66474
9.63604	9.67069
9.63604	9.67022
9.63604	9.66679
9.63604	9.66227
9.63604	9.66494
9.63604	9.67012
9.63604	9.66805
9.63604	9.69058
9.63604	9.67536
9.63604	9.67297
9.63604	9.66449
9.63604	9.66249
9.63604	9.66759
9.57406	9.66045
9.57406	9.65776
9.57406	9.66667
9.57406	9.65783
9.57406	9.65423
9.53679	9.65446
9.53679	9.65427
9.53679	9.65572
9.53679	9.66822
9.53679	9.6671
9.53679	9.66905
9.53679	9.66889
9.53679	9.66793
9.53679	9.65884
9.53679	9.66179
9.53679	9.64963
9.53679	9.64946
9.53679	9.6393
9.53679	9.62296
9.53679	9.61169
9.53679	9.6107
9.53679	9.61781
9.53679	9.61892
9.53679	9.59735
9.53679	9.59601
9.53679	9.6016
9.53679	9.60134
9.53679	9.59672
9.53679	9.59552
9.53679	9.58989
9.53679	9.58883
9.53679	9.59282
9.53679	9.58946
9.53679	9.59139
9.53679	9.58779
9.53679	9.58335
9.53679	9.5782
9.53679	9.58716
9.53679	9.57995
9.53679	9.57244
9.53679	9.57317
9.53679	9.58134
9.53679	9.58064
9.53679	9.58171
9.53679	9.58098
9.53679	9.58538
9.53679	9.56887
9.53679	9.57302
9.53679	9.56978
9.53679	9.5616
9.53679	9.55985
9.53679	9.55875
9.53679	9.55692
9.53679	9.55169
9.53679	9.56096
9.53679	9.56159
9.53679	9.55817
9.53679	9.55188
9.53679	9.55595
9.53679	9.55464
9.53679	9.55471
9.53679	9.55671
9.53679	9.55724
9.53679	9.55561
9.53679	9.55541
9.53679	9.55819
9.53679	9.56068
9.53679	9.56588
9.53679	9.5616
9.53679	9.56589
9.53679	9.56453
9.53679	9.5694
9.53679	9.57345
9.53679	9.57951
9.53679	9.5801
9.53679	9.57594
9.53679	9.57479
9.53679	9.57225
9.53679	9.5757
9.53679	9.5689
9.53679	9.57436
9.53679	9.57842
9.53679	9.5764
9.53679	9.58194
9.53679	9.58882
9.53679	9.58754
9.53679	9.5875
